<?xml version="1.0" encoding="UTF-8"?>
<!-- Generated by org.testng.reporters.JUnitXMLReporter -->
<testsuite hostname="DESKTOP-4NFHJ7J" name="Test" tests="3" failures="0" timestamp="26 Jun 2021 15:34:35 GMT" time="59.684" errors="0">
  <testcase name="loginHRM" time="10.074" classname="testcases.LoginTest"/>
  <testcase name="LoginHRMExcel" time="5.307" classname="testcases.LoginTest"/>
  <testcase name="UMTest" time="8.753" classname="testcases.UserManagementTest"/>
</testsuite> <!-- Test -->
